<?xml version="1.0" encoding="UTF-8"?>
<testsuite xmlns:xsi="http://www.w3.org/2001/XMLSchema-instance" xsi:noNamespaceSchemaLocation="https://maven.apache.org/surefire/maven-surefire-plugin/xsd/surefire-test-report.xsd" name="hello.SayHelloApplicationTests" time="8.734" tests="2" errors="0" skipped="0" failures="0">
  <properties>
[...]
</properties>
  <testcase name="shouldReturn200WhenSendingRequestToRoot" classname="hello.SayHelloApplicationTests" time="0.338"/>
  <testcase name="shouldReturn200WhenSendingRequestToGreeting" classname="hello.SayHelloApplicationTests" time="0.006"/>
</testsuite>